#
# A fatal error has been detected by the Java Runtime Environment:
#
#  EXCEPTION_ACCESS_VIOLATION (0xc0000005) at pc=0x00007ffc90b963b7, pid=6424, tid=16244
#
# JRE version: OpenJDK Runtime Environment (17.0+35) (build 17+35-2724)
# Java VM: OpenJDK 64-Bit Server VM (17+35-2724, mixed mode, sharing, tiered, compressed oops, compressed class ptrs, g1 gc, windows-amd64)
# Problematic frame:
# C  [glass.dll+0x263b7]
#
# No core dump will be written. Minidumps are not enabled by default on client versions of Windows
#
# If you would like to submit a bug report, please visit:
#   https://bugreport.java.com/bugreport/crash.jsp
#

---------------  S U M M A R Y ------------

Command Line: --module-path=C:\Program Files (x86)\jdk\javafx-sdk-19\lib --add-modules=javafx.controls,javafx.fxml -javaagent:C:\Program Files\JetBrains\IntelliJ IDEA Community Edition 2021.2.2\lib\idea_rt.jar=54659:C:\Program Files\JetBrains\IntelliJ IDEA Community Edition 2021.2.2\bin -Dfile.encoding=UTF-8 com.company.Main

Host: Intel(R) Core(TM) i5-5300U CPU @ 2.30GHz, 4 cores, 7G,  Windows 10 , 64 bit Build 19041 (10.0.19041.1889)
Time: Sun Oct  9 17:10:52 2022 RTZ 2 (s 10 , 64 bit Build 19041 (10.0.19041.1889) elapsed time: 24.598388 seconds (0d 0h 0m 24s)

---------------  T H R E A D  ---------------

Current thread (0x00000226fe76cc80):  VMThread "VM Thread" [stack: 0x0000009e42800000,0x0000009e42900000] [id=16244]

Stack: [0x0000009e42800000,0x0000009e42900000],  sp=0x0000009e428ff290,  free space=1020k
Native frames: (J=compiled Java code, j=interpreted, Vv=VM code, C=native code)
C  [glass.dll+0x263b7]


siginfo: EXCEPTION_ACCESS_VIOLATION (0xc0000005), reading address 0x0000000000000000


Register to memory mapping:

RIP=0x00007ffc90b963b7 glass.dll
RAX=0x0 is NULL
RBX=0x00000226fe77bbb8 is a global jni handle
RCX=0x00000226fe76cc80 points into unknown readable memory: 0x00007ffc7d1ac540 | 40 c5 1a 7d fc 7f 00 00
RDX=0x0000009e428ff290 points into unknown readable memory: 0x0000000000000000 | 00 00 00 00 00 00 00 00
RSP=0x0000009e428ff290 points into unknown readable memory: 0x0000000000000000 | 00 00 00 00 00 00 00 00
RBP=0x00000226ff8d91e8 points into unknown readable memory: 0x0000c1073e1db7e3 | e3 b7 1d 3e 07 c1 00 00
RSI=0x00000226ff8d91c0 points into unknown readable memory: 0x85c901473e1e4807 | 07 48 1e 3e 47 01 c9 85
RDI=0x0000c1073e1db7e3 is an unknown value
R8 =0x0000000000010002 is an unknown value
R9 =0x0000c1073e1db7e3 is an unknown value
R10=0x0000000000008000 is an unknown value
R11=0x0000009e428ff220 points into unknown readable memory: 0x00000226ff8d91c0 | c0 91 8d ff 26 02 00 00
R12=0x00007ffc90b93cf0 glass.dll
R13=0x00007ffc7d352940 jvm.dll
R14=0x0000009e428ff388 points into unknown readable memory: 0x0000009e428ff370 | 70 f3 8f 42 9e 00 00 00
R15=0x00000226ff8d91c0 points into unknown readable memory: 0x85c901473e1e4807 | 07 48 1e 3e 47 01 c9 85


Registers:
RAX=0x0000000000000000, RBX=0x00000226fe77bbb8, RCX=0x00000226fe76cc80, RDX=0x0000009e428ff290
RSP=0x0000009e428ff290, RBP=0x00000226ff8d91e8, RSI=0x00000226ff8d91c0, RDI=0x0000c1073e1db7e3
R8 =0x0000000000010002, R9 =0x0000c1073e1db7e3, R10=0x0000000000008000, R11=0x0000009e428ff220
R12=0x00007ffc90b93cf0, R13=0x00007ffc7d352940, R14=0x0000009e428ff388, R15=0x00000226ff8d91c0
RIP=0x00007ffc90b963b7, EFLAGS=0x0000000000010206

Top of Stack: (sp=0x0000009e428ff290)
0x0000009e428ff290:   0000000000000000 00000226ff8d91c0
0x0000009e428ff2a0:   00007ffc7d352940 00007ffc90b93cf0
0x0000009e428ff2b0:   00000226ff8d91c8 00007ffcdf7842d6
0x0000009e428ff2c0:   0000c1073e1db7e3 0000022600000000
0x0000009e428ff2d0:   00000226ff8d91e8 00000226ff8d91c0
0x0000009e428ff2e0:   fffffffffffffffe 0000000000000000
0x0000009e428ff2f0:   0000000000000001 00007ffc90b70000
0x0000009e428ff300:   0000009e428ff378 00007ffcdf7841fb
0x0000009e428ff310:   0000000000000000 0000009e428ff388
0x0000009e428ff320:   0000009e428ff650 00007ffcdf860e40
0x0000009e428ff330:   0000000000000001 00007ffcdf7841b4
0x0000009e428ff340:   0000000000000000 0000000000000001
0x0000009e428ff350:   00007ffc7d352940 0000009e428ff378
0x0000009e428ff360:   0000000000000001 00007ffc90b93b7d
0x0000009e428ff370:   00007ffc90ba9f88 0000000000000002
0x0000009e428ff380:   0000000000000002 0000009e428ff370 

Instructions: (pc=0x00007ffc90b963b7)
0x00007ffc90b962b7:   8b 4d 58 e8 7d cf ff ff 48 8b 4d 60 e8 74 cf ff
0x00007ffc90b962c7:   ff 48 8b 95 80 00 00 00 48 8b 8d 18 01 00 00 e8
0x00007ffc90b962d7:   66 c4 ff ff 33 d2 33 c9 e8 bc e1 ff ff 90 48 89
0x00007ffc90b962e7:   54 24 10 55 48 83 ec 20 48 8b ea 48 b8 00 00 00
0x00007ffc90b962f7:   00 00 00 00 00 48 83 c4 20 5d c3 cc 40 55 48 8b
0x00007ffc90b96307:   ea 48 8b 01 33 c9 81 38 05 00 00 c0 0f 94 c1 8b
0x00007ffc90b96317:   c1 5d c3 cc 40 55 48 83 ec 20 48 8b ea 8a 4d 40
0x00007ffc90b96327:   48 83 c4 20 5d e9 63 d3 ff ff cc 40 55 48 83 ec
0x00007ffc90b96337:   20 48 8b ea 8a 4d 20 e8 51 d3 ff ff 90 48 83 c4
0x00007ffc90b96347:   20 5d c3 cc 40 55 48 83 ec 20 48 8b ea 48 83 c4
0x00007ffc90b96357:   20 5d e9 b2 d1 ff ff cc 40 55 48 83 ec 30 48 8b
0x00007ffc90b96367:   ea 48 8b 01 8b 10 48 89 4c 24 28 89 54 24 20 4c
0x00007ffc90b96377:   8d 0d 53 d6 ff ff 4c 8b 45 70 8b 55 68 48 8b 4d
0x00007ffc90b96387:   60 e8 f3 d0 ff ff 90 48 83 c4 30 5d c3 cc cc cc
0x00007ffc90b96397:   cc cc cc cc cc cc cc cc cc 40 53 48 83 ec 20 48
0x00007ffc90b963a7:   8b 1d db 35 01 00 48 85 db 74 16 e8 79 8b ff ff
0x00007ffc90b963b7:   4c 8b 00 48 8b d3 48 8b c8 41 ff 90 b0 00 00 00
0x00007ffc90b963c7:   90 48 83 c4 20 5b c3 cc cc 40 53 48 83 ec 20 48
0x00007ffc90b963d7:   8b 1d 4b 37 01 00 48 85 db 74 57 b8 ff ff ff ff
0x00007ffc90b963e7:   f0 0f c1 43 10 83 f8 01 75 3d 48 85 db 74 38 48
0x00007ffc90b963f7:   8b 0b 48 85 c9 74 0d ff 15 a4 0e 00 00 48 c7 03
0x00007ffc90b96407:   00 00 00 00 48 8b 4b 08 48 85 c9 74 0d e8 23 ce
0x00007ffc90b96417:   ff ff 48 c7 43 08 00 00 00 00 ba 18 00 00 00 48
0x00007ffc90b96427:   8b cb e8 0e ce ff ff 48 c7 05 ef 36 01 00 00 00
0x00007ffc90b96437:   00 00 48 83 c4 20 5b c3 cc 40 53 48 83 ec 20 48
0x00007ffc90b96447:   8b 1d bb 36 01 00 48 85 db 74 57 b8 ff ff ff ff
0x00007ffc90b96457:   f0 0f c1 43 10 83 f8 01 75 3d 48 85 db 74 38 48
0x00007ffc90b96467:   8b 0b 48 85 c9 74 0d ff 15 34 0e 00 00 48 c7 03
0x00007ffc90b96477:   00 00 00 00 48 8b 4b 08 48 85 c9 74 0d e8 b3 cd
0x00007ffc90b96487:   ff ff 48 c7 43 08 00 00 00 00 ba 18 00 00 00 48
0x00007ffc90b96497:   8b cb e8 9e cd ff ff 48 c7 05 5f 36 01 00 00 00
0x00007ffc90b964a7:   00 00 48 83 c4 20 5b c3 cc 40 53 48 83 ec 20 48 


Stack slot to memory mapping:
stack at sp + 0 slots: 0x0 is NULL
stack at sp + 1 slots: 0x00000226ff8d91c0 points into unknown readable memory: 0x85c901473e1e4807 | 07 48 1e 3e 47 01 c9 85
stack at sp + 2 slots: 0x00007ffc7d352940 jvm.dll
stack at sp + 3 slots: 0x00007ffc90b93cf0 glass.dll
stack at sp + 4 slots: 0x00000226ff8d91c8 points into unknown readable memory: 0x0000c1073e1db7e3 | e3 b7 1d 3e 07 c1 00 00
stack at sp + 5 slots: 0x00007ffcdf7842d6 ucrtbase.dll
stack at sp + 6 slots: 0x0000c1073e1db7e3 is an unknown value
stack at sp + 7 slots: 0x0000022600000000 is an unknown value

VM_Operation (0x0000009e44bff4d0): Exit, mode: safepoint, requested by thread 0x00000226ffd0e660


---------------  P R O C E S S  ---------------

Threads class SMR info:
_java_thread_list=0x0000022688662570, length=22, elements={
0x00000226df08bfe0, 0x00000226fe773980, 0x00000226fe774cd0, 0x00000226fe78d3d0,
0x00000226fe78dd80, 0x00000226fe78e730, 0x00000226fe7914d0, 0x00000226fe791f70,
0x00000226fe7c5c40, 0x00000226df169820, 0x00000226ffd4a220, 0x00000226ffd0ab10,
0x00000226803e49d0, 0x0000022680614010, 0x000002268069ce70, 0x00000226ffd0d7f0,
0x00000226ffd0f000, 0x00000226ffd0ce50, 0x00000226ffd0e190, 0x00000226ffd0dcc0,
0x00000226ffd0d320, 0x00000226ffd0e660
}

Java Threads: ( => current thread )
  0x00000226df08bfe0 JavaThread "main" [_thread_blocked, id=8004, stack(0x0000009e42100000,0x0000009e42200000)]
  0x00000226fe773980 JavaThread "Reference Handler" daemon [_thread_blocked, id=11240, stack(0x0000009e42900000,0x0000009e42a00000)]
  0x00000226fe774cd0 JavaThread "Finalizer" daemon [_thread_blocked, id=12004, stack(0x0000009e42a00000,0x0000009e42b00000)]
  0x00000226fe78d3d0 JavaThread "Attach Listener" daemon [_thread_blocked, id=6800, stack(0x0000009e42c00000,0x0000009e42d00000)]
  0x00000226fe78dd80 JavaThread "Service Thread" daemon [_thread_blocked, id=13120, stack(0x0000009e42d00000,0x0000009e42e00000)]
  0x00000226fe78e730 JavaThread "Monitor Deflation Thread" daemon [_thread_blocked, id=11928, stack(0x0000009e42e00000,0x0000009e42f00000)]
  0x00000226fe7914d0 JavaThread "C2 CompilerThread0" daemon [_thread_blocked, id=16408, stack(0x0000009e42f00000,0x0000009e43000000)]
  0x00000226fe791f70 JavaThread "C1 CompilerThread0" daemon [_thread_blocked, id=3468, stack(0x0000009e43000000,0x0000009e43100000)]
  0x00000226fe7c5c40 JavaThread "Sweeper thread" daemon [_thread_blocked, id=15500, stack(0x0000009e43100000,0x0000009e43200000)]
  0x00000226df169820 JavaThread "Common-Cleaner" daemon [_thread_blocked, id=3028, stack(0x0000009e43200000,0x0000009e43300000)]
  0x00000226ffd4a220 JavaThread "Monitor Ctrl-Break" daemon [_thread_in_native, id=9188, stack(0x0000009e43400000,0x0000009e43500000)]
  0x00000226ffd0ab10 JavaThread "Notification Thread" daemon [_thread_blocked, id=4584, stack(0x0000009e43500000,0x0000009e43600000)]
  0x00000226803e49d0 JavaThread "QuantumRenderer-0" daemon [_thread_blocked, id=11348, stack(0x0000009e43700000,0x0000009e43800000)]
  0x0000022680614010 JavaThread "InvokeLaterDispatcher" daemon [_thread_blocked, id=15492, stack(0x0000009e43800000,0x0000009e43900000)]
  0x000002268069ce70 JavaThread "JavaFX Application Thread" [_thread_blocked, id=6536, stack(0x0000009e43900000,0x0000009e43a00000)]
  0x00000226ffd0d7f0 JavaThread "Thread-1" daemon [_thread_in_native, id=2984, stack(0x0000009e44000000,0x0000009e44100000)]
  0x00000226ffd0f000 JavaThread "mysql-cj-abandoned-connection-cleanup" daemon [_thread_blocked, id=4944, stack(0x0000009e44100000,0x0000009e44200000)]
  0x00000226ffd0ce50 JavaThread "JavaFX-Launcher" [_thread_blocked, id=12392, stack(0x0000009e44200000,0x0000009e44300000)]
  0x00000226ffd0e190 JavaThread "Prism Font Disposer" daemon [_thread_blocked, id=11764, stack(0x0000009e44300000,0x0000009e44400000)]
  0x00000226ffd0dcc0 JavaThread "Cleaner-0" daemon [_thread_blocked, id=5968, stack(0x0000009e44700000,0x0000009e44800000)]
  0x00000226ffd0d320 JavaThread "Thread-3" [_thread_blocked, id=4668, stack(0x0000009e44a00000,0x0000009e44b00000)]
  0x00000226ffd0e660 JavaThread "SIGINT handler" daemon [_thread_blocked, id=16816, stack(0x0000009e44b00000,0x0000009e44c00000)]

Other Threads:
=>0x00000226fe76cc80 VMThread "VM Thread" [stack: 0x0000009e42800000,0x0000009e42900000] [id=16244]
  0x00000226df0cad50 GCTaskThread "GC Thread#0" [stack: 0x0000009e42300000,0x0000009e42400000] [id=4460]
  0x000002268069dc40 GCTaskThread "GC Thread#1" [stack: 0x0000009e43a00000,0x0000009e43b00000] [id=16404]
  0x00000226801205b0 GCTaskThread "GC Thread#2" [stack: 0x0000009e43b00000,0x0000009e43c00000] [id=10120]
  0x0000022680120860 GCTaskThread "GC Thread#3" [stack: 0x0000009e43c00000,0x0000009e43d00000] [id=4152]
  0x00000226df0dcce0 ConcurrentGCThread "G1 Main Marker" terminated
  0x00000226df0dd6f0 ConcurrentGCThread "G1 Conc#0" [stack: 0x0000009e42500000,0x0000009e42600000] [id=16180]
  0x00000226df152dc0 ConcurrentGCThread "G1 Refine#0" terminated
  0x00000226df1537e0 ConcurrentGCThread "G1 Service" terminated

Threads with active compile tasks:

VM state: at safepoint (shutting down)

VM Mutex/Monitor currently owned by a thread:  ([mutex/lock_event])
[0x00000226df084e20] Threads_lock - owner thread: 0x00000226fe76cc80
[0x00000226df086530] Heap_lock - owner thread: 0x00000226ffd0e660

Heap address: 0x0000000081e00000, size: 2018 MB, Compressed Oops mode: 32-bit

CDS archive(s) mapped at: [0x0000000800000000-0x0000000800bc0000-0x0000000800bc0000), size 12320768, SharedBaseAddress: 0x0000000800000000, ArchiveRelocationMode: 0.
Compressed class space mapped at: 0x0000000800c00000-0x0000000840c00000, reserved size: 1073741824
Narrow klass base: 0x0000000800000000, Narrow klass shift: 0, Narrow klass range: 0x100000000

GC Precious Log:
 CPUs: 4 total, 4 available
 Memory: 8071M
 Large Page Support: Disabled
 NUMA Support: Disabled
 Compressed Oops: Enabled (32-bit)
 Heap Region Size: 1M
 Heap Min Capacity: 8M
 Heap Initial Capacity: 128M
 Heap Max Capacity: 2018M
 Pre-touch: Disabled
 Parallel Workers: 4
 Concurrent Workers: 1
 Concurrent Refinement Workers: 4
 Periodic GC: Disabled

Heap:
 garbage-first heap   total 131072K, used 51999K [0x0000000081e00000, 0x0000000100000000)
  region size 1024K, 48 young (49152K), 3 survivors (3072K)
 Metaspace       used 19599K, committed 19776K, reserved 1073152K
  class space    used 2789K, committed 2880K, reserved 1048576K

Heap Regions: E=young(eden), S=young(survivor), O=old, HS=humongous(starts), HC=humongous(continues), CS=collection set, F=free, OA=open archive, CA=closed archive, TAMS=top-at-mark-start (previous, next)
|   0|0x0000000081e00000, 0x0000000081f00000, 0x0000000081f00000|100%| O|  |TAMS 0x0000000081e00000, 0x0000000081e00000| Untracked 
|   1|0x0000000081f00000, 0x0000000081ff3800, 0x0000000082000000| 95%| O|  |TAMS 0x0000000081f00000, 0x0000000081f00000| Untracked 
|   2|0x0000000082000000, 0x0000000082100000, 0x0000000082100000|100%|HS|  |TAMS 0x0000000082000000, 0x0000000082000000| Complete 
|   3|0x0000000082100000, 0x0000000082200000, 0x0000000082200000|100%|HC|  |TAMS 0x0000000082100000, 0x0000000082100000| Complete 
|   4|0x0000000082200000, 0x0000000082200000, 0x0000000082300000|  0%| F|  |TAMS 0x0000000082200000, 0x0000000082200000| Untracked 
|   5|0x0000000082300000, 0x0000000082300000, 0x0000000082400000|  0%| F|  |TAMS 0x0000000082300000, 0x0000000082300000| Untracked 
|   6|0x0000000082400000, 0x0000000082400000, 0x0000000082500000|  0%| F|  |TAMS 0x0000000082400000, 0x0000000082400000| Untracked 
|   7|0x0000000082500000, 0x0000000082500000, 0x0000000082600000|  0%| F|  |TAMS 0x0000000082500000, 0x0000000082500000| Untracked 
|   8|0x0000000082600000, 0x0000000082600000, 0x0000000082700000|  0%| F|  |TAMS 0x0000000082600000, 0x0000000082600000| Untracked 
|   9|0x0000000082700000, 0x0000000082700000, 0x0000000082800000|  0%| F|  |TAMS 0x0000000082700000, 0x0000000082700000| Untracked 
|  10|0x0000000082800000, 0x0000000082800000, 0x0000000082900000|  0%| F|  |TAMS 0x0000000082800000, 0x0000000082800000| Untracked 
|  11|0x0000000082900000, 0x0000000082900000, 0x0000000082a00000|  0%| F|  |TAMS 0x0000000082900000, 0x0000000082900000| Untracked 
|  12|0x0000000082a00000, 0x0000000082a00000, 0x0000000082b00000|  0%| F|  |TAMS 0x0000000082a00000, 0x0000000082a00000| Untracked 
|  13|0x0000000082b00000, 0x0000000082b00000, 0x0000000082c00000|  0%| F|  |TAMS 0x0000000082b00000, 0x0000000082b00000| Untracked 
|  14|0x0000000082c00000, 0x0000000082c00000, 0x0000000082d00000|  0%| F|  |TAMS 0x0000000082c00000, 0x0000000082c00000| Untracked 
|  15|0x0000000082d00000, 0x0000000082d00000, 0x0000000082e00000|  0%| F|  |TAMS 0x0000000082d00000, 0x0000000082d00000| Untracked 
|  16|0x0000000082e00000, 0x0000000082e00000, 0x0000000082f00000|  0%| F|  |TAMS 0x0000000082e00000, 0x0000000082e00000| Untracked 
|  17|0x0000000082f00000, 0x0000000082f00000, 0x0000000083000000|  0%| F|  |TAMS 0x0000000082f00000, 0x0000000082f00000| Untracked 
|  18|0x0000000083000000, 0x0000000083000000, 0x0000000083100000|  0%| F|  |TAMS 0x0000000083000000, 0x0000000083000000| Untracked 
|  19|0x0000000083100000, 0x0000000083100000, 0x0000000083200000|  0%| F|  |TAMS 0x0000000083100000, 0x0000000083100000| Untracked 
|  20|0x0000000083200000, 0x0000000083200000, 0x0000000083300000|  0%| F|  |TAMS 0x0000000083200000, 0x0000000083200000| Untracked 
|  21|0x0000000083300000, 0x0000000083300000, 0x0000000083400000|  0%| F|  |TAMS 0x0000000083300000, 0x0000000083300000| Untracked 
|  22|0x0000000083400000, 0x0000000083400000, 0x0000000083500000|  0%| F|  |TAMS 0x0000000083400000, 0x0000000083400000| Untracked 
|  23|0x0000000083500000, 0x0000000083500000, 0x0000000083600000|  0%| F|  |TAMS 0x0000000083500000, 0x0000000083500000| Untracked 
|  24|0x0000000083600000, 0x0000000083600000, 0x0000000083700000|  0%| F|  |TAMS 0x0000000083600000, 0x0000000083600000| Untracked 
|  25|0x0000000083700000, 0x0000000083700000, 0x0000000083800000|  0%| F|  |TAMS 0x0000000083700000, 0x0000000083700000| Untracked 
|  26|0x0000000083800000, 0x0000000083800000, 0x0000000083900000|  0%| F|  |TAMS 0x0000000083800000, 0x0000000083800000| Untracked 
|  27|0x0000000083900000, 0x0000000083900000, 0x0000000083a00000|  0%| F|  |TAMS 0x0000000083900000, 0x0000000083900000| Untracked 
|  28|0x0000000083a00000, 0x0000000083a00000, 0x0000000083b00000|  0%| F|  |TAMS 0x0000000083a00000, 0x0000000083a00000| Untracked 
|  29|0x0000000083b00000, 0x0000000083b00000, 0x0000000083c00000|  0%| F|  |TAMS 0x0000000083b00000, 0x0000000083b00000| Untracked 
|  30|0x0000000083c00000, 0x0000000083c00000, 0x0000000083d00000|  0%| F|  |TAMS 0x0000000083c00000, 0x0000000083c00000| Untracked 
|  31|0x0000000083d00000, 0x0000000083d00000, 0x0000000083e00000|  0%| F|  |TAMS 0x0000000083d00000, 0x0000000083d00000| Untracked 
|  32|0x0000000083e00000, 0x0000000083e00000, 0x0000000083f00000|  0%| F|  |TAMS 0x0000000083e00000, 0x0000000083e00000| Untracked 
|  33|0x0000000083f00000, 0x0000000083f00000, 0x0000000084000000|  0%| F|  |TAMS 0x0000000083f00000, 0x0000000083f00000| Untracked 
|  34|0x0000000084000000, 0x0000000084000000, 0x0000000084100000|  0%| F|  |TAMS 0x0000000084000000, 0x0000000084000000| Untracked 
|  35|0x0000000084100000, 0x0000000084100000, 0x0000000084200000|  0%| F|  |TAMS 0x0000000084100000, 0x0000000084100000| Untracked 
|  36|0x0000000084200000, 0x0000000084200000, 0x0000000084300000|  0%| F|  |TAMS 0x0000000084200000, 0x0000000084200000| Untracked 
|  37|0x0000000084300000, 0x0000000084300000, 0x0000000084400000|  0%| F|  |TAMS 0x0000000084300000, 0x0000000084300000| Untracked 
|  38|0x0000000084400000, 0x0000000084400000, 0x0000000084500000|  0%| F|  |TAMS 0x0000000084400000, 0x0000000084400000| Untracked 
|  39|0x0000000084500000, 0x0000000084500000, 0x0000000084600000|  0%| F|  |TAMS 0x0000000084500000, 0x0000000084500000| Untracked 
|  40|0x0000000084600000, 0x0000000084600000, 0x0000000084700000|  0%| F|  |TAMS 0x0000000084600000, 0x0000000084600000| Untracked 
|  41|0x0000000084700000, 0x0000000084700000, 0x0000000084800000|  0%| F|  |TAMS 0x0000000084700000, 0x0000000084700000| Untracked 
|  42|0x0000000084800000, 0x0000000084800000, 0x0000000084900000|  0%| F|  |TAMS 0x0000000084800000, 0x0000000084800000| Untracked 
|  43|0x0000000084900000, 0x0000000084900000, 0x0000000084a00000|  0%| F|  |TAMS 0x0000000084900000, 0x0000000084900000| Untracked 
|  44|0x0000000084a00000, 0x0000000084a00000, 0x0000000084b00000|  0%| F|  |TAMS 0x0000000084a00000, 0x0000000084a00000| Untracked 
|  45|0x0000000084b00000, 0x0000000084b00000, 0x0000000084c00000|  0%| F|  |TAMS 0x0000000084b00000, 0x0000000084b00000| Untracked 
|  46|0x0000000084c00000, 0x0000000084c00000, 0x0000000084d00000|  0%| F|  |TAMS 0x0000000084c00000, 0x0000000084c00000| Untracked 
|  47|0x0000000084d00000, 0x0000000084d00000, 0x0000000084e00000|  0%| F|  |TAMS 0x0000000084d00000, 0x0000000084d00000| Untracked 
|  48|0x0000000084e00000, 0x0000000084e00000, 0x0000000084f00000|  0%| F|  |TAMS 0x0000000084e00000, 0x0000000084e00000| Untracked 
|  49|0x0000000084f00000, 0x0000000084f00000, 0x0000000085000000|  0%| F|  |TAMS 0x0000000084f00000, 0x0000000084f00000| Untracked 
|  50|0x0000000085000000, 0x0000000085000000, 0x0000000085100000|  0%| F|  |TAMS 0x0000000085000000, 0x0000000085000000| Untracked 
|  51|0x0000000085100000, 0x0000000085100000, 0x0000000085200000|  0%| F|  |TAMS 0x0000000085100000, 0x0000000085100000| Untracked 
|  52|0x0000000085200000, 0x0000000085200000, 0x0000000085300000|  0%| F|  |TAMS 0x0000000085200000, 0x0000000085200000| Untracked 
|  53|0x0000000085300000, 0x0000000085300000, 0x0000000085400000|  0%| F|  |TAMS 0x0000000085300000, 0x0000000085300000| Untracked 
|  54|0x0000000085400000, 0x0000000085400000, 0x0000000085500000|  0%| F|  |TAMS 0x0000000085400000, 0x0000000085400000| Untracked 
|  55|0x0000000085500000, 0x0000000085500000, 0x0000000085600000|  0%| F|  |TAMS 0x0000000085500000, 0x0000000085500000| Untracked 
|  56|0x0000000085600000, 0x0000000085600000, 0x0000000085700000|  0%| F|  |TAMS 0x0000000085600000, 0x0000000085600000| Untracked 
|  57|0x0000000085700000, 0x0000000085700000, 0x0000000085800000|  0%| F|  |TAMS 0x0000000085700000, 0x0000000085700000| Untracked 
|  58|0x0000000085800000, 0x0000000085800000, 0x0000000085900000|  0%| F|  |TAMS 0x0000000085800000, 0x0000000085800000| Untracked 
|  59|0x0000000085900000, 0x0000000085900000, 0x0000000085a00000|  0%| F|  |TAMS 0x0000000085900000, 0x0000000085900000| Untracked 
|  60|0x0000000085a00000, 0x0000000085a00000, 0x0000000085b00000|  0%| F|  |TAMS 0x0000000085a00000, 0x0000000085a00000| Untracked 
|  61|0x0000000085b00000, 0x0000000085b00000, 0x0000000085c00000|  0%| F|  |TAMS 0x0000000085b00000, 0x0000000085b00000| Untracked 
|  62|0x0000000085c00000, 0x0000000085c00000, 0x0000000085d00000|  0%| F|  |TAMS 0x0000000085c00000, 0x0000000085c00000| Untracked 
|  63|0x0000000085d00000, 0x0000000085d00000, 0x0000000085e00000|  0%| F|  |TAMS 0x0000000085d00000, 0x0000000085d00000| Untracked 
|  64|0x0000000085e00000, 0x0000000085e00000, 0x0000000085f00000|  0%| F|  |TAMS 0x0000000085e00000, 0x0000000085e00000| Untracked 
|  65|0x0000000085f00000, 0x0000000085f00000, 0x0000000086000000|  0%| F|  |TAMS 0x0000000085f00000, 0x0000000085f00000| Untracked 
|  66|0x0000000086000000, 0x0000000086000000, 0x0000000086100000|  0%| F|  |TAMS 0x0000000086000000, 0x0000000086000000| Untracked 
|  67|0x0000000086100000, 0x0000000086100000, 0x0000000086200000|  0%| F|  |TAMS 0x0000000086100000, 0x0000000086100000| Untracked 
|  68|0x0000000086200000, 0x0000000086200000, 0x0000000086300000|  0%| F|  |TAMS 0x0000000086200000, 0x0000000086200000| Untracked 
|  69|0x0000000086300000, 0x0000000086300000, 0x0000000086400000|  0%| F|  |TAMS 0x0000000086300000, 0x0000000086300000| Untracked 
|  70|0x0000000086400000, 0x0000000086400000, 0x0000000086500000|  0%| F|  |TAMS 0x0000000086400000, 0x0000000086400000| Untracked 
|  71|0x0000000086500000, 0x0000000086500000, 0x0000000086600000|  0%| F|  |TAMS 0x0000000086500000, 0x0000000086500000| Untracked 
|  72|0x0000000086600000, 0x0000000086600000, 0x0000000086700000|  0%| F|  |TAMS 0x0000000086600000, 0x0000000086600000| Untracked 
|  73|0x0000000086700000, 0x0000000086700000, 0x0000000086800000|  0%| F|  |TAMS 0x0000000086700000, 0x0000000086700000| Untracked 
|  74|0x0000000086800000, 0x0000000086800000, 0x0000000086900000|  0%| F|  |TAMS 0x0000000086800000, 0x0000000086800000| Untracked 
|  75|0x0000000086900000, 0x0000000086900000, 0x0000000086a00000|  0%| F|  |TAMS 0x0000000086900000, 0x0000000086900000| Untracked 
|  76|0x0000000086a00000, 0x0000000086a00000, 0x0000000086b00000|  0%| F|  |TAMS 0x0000000086a00000, 0x0000000086a00000| Untracked 
|  77|0x0000000086b00000, 0x0000000086b00000, 0x0000000086c00000|  0%| F|  |TAMS 0x0000000086b00000, 0x0000000086b00000| Untracked 
|  78|0x0000000086c00000, 0x0000000086c00000, 0x0000000086d00000|  0%| F|  |TAMS 0x0000000086c00000, 0x0000000086c00000| Untracked 
|  79|0x0000000086d00000, 0x0000000086d00000, 0x0000000086e00000|  0%| F|  |TAMS 0x0000000086d00000, 0x0000000086d00000| Untracked 
|  80|0x0000000086e00000, 0x0000000086ee0c78, 0x0000000086f00000| 87%| E|  |TAMS 0x0000000086e00000, 0x0000000086e00000| Complete 
|  81|0x0000000086f00000, 0x0000000087000000, 0x0000000087000000|100%| E|CS|TAMS 0x0000000086f00000, 0x0000000086f00000| Complete 
|  82|0x0000000087000000, 0x0000000087100000, 0x0000000087100000|100%| E|CS|TAMS 0x0000000087000000, 0x0000000087000000| Complete 
|  83|0x0000000087100000, 0x0000000087200000, 0x0000000087200000|100%| E|CS|TAMS 0x0000000087100000, 0x0000000087100000| Complete 
|  84|0x0000000087200000, 0x0000000087300000, 0x0000000087300000|100%| E|CS|TAMS 0x0000000087200000, 0x0000000087200000| Complete 
|  85|0x0000000087300000, 0x0000000087400000, 0x0000000087400000|100%| E|CS|TAMS 0x0000000087300000, 0x0000000087300000| Complete 
|  86|0x0000000087400000, 0x0000000087500000, 0x0000000087500000|100%| E|CS|TAMS 0x0000000087400000, 0x0000000087400000| Complete 
|  87|0x0000000087500000, 0x0000000087600000, 0x0000000087600000|100%| E|CS|TAMS 0x0000000087500000, 0x0000000087500000| Complete 
|  88|0x0000000087600000, 0x0000000087700000, 0x0000000087700000|100%| E|CS|TAMS 0x0000000087600000, 0x0000000087600000| Complete 
|  89|0x0000000087700000, 0x0000000087800000, 0x0000000087800000|100%| E|CS|TAMS 0x0000000087700000, 0x0000000087700000| Complete 
|  90|0x0000000087800000, 0x0000000087900000, 0x0000000087900000|100%| E|CS|TAMS 0x0000000087800000, 0x0000000087800000| Complete 
|  91|0x0000000087900000, 0x0000000087a00000, 0x0000000087a00000|100%| E|CS|TAMS 0x0000000087900000, 0x0000000087900000| Complete 
|  92|0x0000000087a00000, 0x0000000087b00000, 0x0000000087b00000|100%| E|CS|TAMS 0x0000000087a00000, 0x0000000087a00000| Complete 
|  93|0x0000000087b00000, 0x0000000087c00000, 0x0000000087c00000|100%| E|CS|TAMS 0x0000000087b00000, 0x0000000087b00000| Complete 
|  94|0x0000000087c00000, 0x0000000087d00000, 0x0000000087d00000|100%| E|CS|TAMS 0x0000000087c00000, 0x0000000087c00000| Complete 
|  95|0x0000000087d00000, 0x0000000087e00000, 0x0000000087e00000|100%| E|CS|TAMS 0x0000000087d00000, 0x0000000087d00000| Complete 
|  96|0x0000000087e00000, 0x0000000087f00000, 0x0000000087f00000|100%| E|CS|TAMS 0x0000000087e00000, 0x0000000087e00000| Complete 
|  97|0x0000000087f00000, 0x0000000088000000, 0x0000000088000000|100%| E|CS|TAMS 0x0000000087f00000, 0x0000000087f00000| Complete 
|  98|0x0000000088000000, 0x0000000088100000, 0x0000000088100000|100%| E|CS|TAMS 0x0000000088000000, 0x0000000088000000| Complete 
|  99|0x0000000088100000, 0x0000000088200000, 0x0000000088200000|100%| E|CS|TAMS 0x0000000088100000, 0x0000000088100000| Complete 
| 100|0x0000000088200000, 0x0000000088300000, 0x0000000088300000|100%| E|CS|TAMS 0x0000000088200000, 0x0000000088200000| Complete 
| 101|0x0000000088300000, 0x0000000088400000, 0x0000000088400000|100%| E|CS|TAMS 0x0000000088300000, 0x0000000088300000| Complete 
| 102|0x0000000088400000, 0x0000000088500000, 0x0000000088500000|100%| E|CS|TAMS 0x0000000088400000, 0x0000000088400000| Complete 
| 103|0x0000000088500000, 0x0000000088600000, 0x0000000088600000|100%| E|CS|TAMS 0x0000000088500000, 0x0000000088500000| Complete 
| 104|0x0000000088600000, 0x0000000088700000, 0x0000000088700000|100%| E|CS|TAMS 0x0000000088600000, 0x0000000088600000| Complete 
| 105|0x0000000088700000, 0x0000000088800000, 0x0000000088800000|100%| E|CS|TAMS 0x0000000088700000, 0x0000000088700000| Complete 
| 106|0x0000000088800000, 0x0000000088900000, 0x0000000088900000|100%| E|CS|TAMS 0x0000000088800000, 0x0000000088800000| Complete 
| 107|0x0000000088900000, 0x00000000889d4430, 0x0000000088a00000| 82%| S|CS|TAMS 0x0000000088900000, 0x0000000088900000| Complete 
| 108|0x0000000088a00000, 0x0000000088b00000, 0x0000000088b00000|100%| S|CS|TAMS 0x0000000088a00000, 0x0000000088a00000| Complete 
| 109|0x0000000088b00000, 0x0000000088c00000, 0x0000000088c00000|100%| S|CS|TAMS 0x0000000088b00000, 0x0000000088b00000| Complete 
| 110|0x0000000088c00000, 0x0000000088d00000, 0x0000000088d00000|100%| E|CS|TAMS 0x0000000088c00000, 0x0000000088c00000| Complete 
| 111|0x0000000088d00000, 0x0000000088e00000, 0x0000000088e00000|100%| E|CS|TAMS 0x0000000088d00000, 0x0000000088d00000| Complete 
| 112|0x0000000088e00000, 0x0000000088f00000, 0x0000000088f00000|100%| E|CS|TAMS 0x0000000088e00000, 0x0000000088e00000| Complete 
| 113|0x0000000088f00000, 0x0000000089000000, 0x0000000089000000|100%| E|CS|TAMS 0x0000000088f00000, 0x0000000088f00000| Complete 
| 114|0x0000000089000000, 0x0000000089100000, 0x0000000089100000|100%| E|CS|TAMS 0x0000000089000000, 0x0000000089000000| Complete 
| 115|0x0000000089100000, 0x0000000089200000, 0x0000000089200000|100%| E|CS|TAMS 0x0000000089100000, 0x0000000089100000| Complete 
| 116|0x0000000089200000, 0x0000000089300000, 0x0000000089300000|100%| E|CS|TAMS 0x0000000089200000, 0x0000000089200000| Complete 
| 117|0x0000000089300000, 0x0000000089400000, 0x0000000089400000|100%| E|CS|TAMS 0x0000000089300000, 0x0000000089300000| Complete 
| 118|0x0000000089400000, 0x0000000089500000, 0x0000000089500000|100%| E|CS|TAMS 0x0000000089400000, 0x0000000089400000| Complete 
| 119|0x0000000089500000, 0x0000000089600000, 0x0000000089600000|100%| E|CS|TAMS 0x0000000089500000, 0x0000000089500000| Complete 
| 120|0x0000000089600000, 0x0000000089700000, 0x0000000089700000|100%| E|CS|TAMS 0x0000000089600000, 0x0000000089600000| Complete 
| 121|0x0000000089700000, 0x0000000089800000, 0x0000000089800000|100%| E|CS|TAMS 0x0000000089700000, 0x0000000089700000| Complete 
| 122|0x0000000089800000, 0x0000000089900000, 0x0000000089900000|100%| E|CS|TAMS 0x0000000089800000, 0x0000000089800000| Complete 
| 123|0x0000000089900000, 0x0000000089a00000, 0x0000000089a00000|100%| E|CS|TAMS 0x0000000089900000, 0x0000000089900000| Complete 
| 124|0x0000000089a00000, 0x0000000089b00000, 0x0000000089b00000|100%| E|CS|TAMS 0x0000000089a00000, 0x0000000089a00000| Complete 
| 125|0x0000000089b00000, 0x0000000089c00000, 0x0000000089c00000|100%| E|CS|TAMS 0x0000000089b00000, 0x0000000089b00000| Complete 
| 126|0x0000000089c00000, 0x0000000089d00000, 0x0000000089d00000|100%| E|CS|TAMS 0x0000000089c00000, 0x0000000089c00000| Complete 
| 127|0x0000000089d00000, 0x0000000089e00000, 0x0000000089e00000|100%| E|CS|TAMS 0x0000000089d00000, 0x0000000089d00000| Complete 

Card table byte_map: [0x00000226f7a90000,0x00000226f7e90000] _byte_map_base: 0x00000226f7681000

Marking Bits (Prev, Next): (CMBitMap*) 0x00000226df0cb360, (CMBitMap*) 0x00000226df0cb3a0
 Prev Bits: [0x00000226f8290000, 0x00000226fa218000)
 Next Bits: [0x00000226fa220000, 0x00000226fc1a8000)

Polling page: 0x00000226def40000

Metaspace:

Usage:
  Non-class:     16.42 MB used.
      Class:      2.72 MB used.
       Both:     19.14 MB used.

Virtual space:
  Non-class space:       24.00 MB reserved,      16.50 MB ( 69%) committed,  3 nodes.
      Class space:        1.00 GB reserved,       2.81 MB ( <1%) committed,  1 nodes.
             Both:        1.02 GB reserved,      19.31 MB (  2%) committed. 

Chunk freelists:
   Non-Class:  3.19 MB
       Class:  1.19 MB
        Both:  4.38 MB

MaxMetaspaceSize: unlimited
CompressedClassSpaceSize: 1.00 GB
Initial GC threshold: 21.00 MB
Current GC threshold: 21.00 MB
CDS: on
MetaspaceReclaimPolicy: balanced
 - commit_granule_bytes: 65536.
 - commit_granule_words: 8192.
 - virtual_space_node_default_size: 1048576.
 - enlarge_chunks_in_place: 1.
 - new_chunks_are_fully_committed: 0.
 - uncommit_free_chunks: 1.
 - use_allocation_guard: 0.
 - handle_deallocations: 1.


Internal statistics:

num_allocs_failed_limit: 0.
num_arena_births: 216.
num_arena_deaths: 0.
num_vsnodes_births: 4.
num_vsnodes_deaths: 0.
num_space_committed: 309.
num_space_uncommitted: 0.
num_chunks_returned_to_freelist: 0.
num_chunks_taken_from_freelist: 821.
num_chunk_merges: 0.
num_chunk_splits: 597.
num_chunks_enlarged: 489.
num_purges: 0.
num_inconsistent_stats: 0.

CodeHeap 'non-profiled nmethods': size=120000Kb used=1168Kb max_used=1168Kb free=118831Kb
 bounds [0x00000226efb40000, 0x00000226efdb0000, 0x00000226f7070000]
CodeHeap 'profiled nmethods': size=120000Kb used=6007Kb max_used=6007Kb free=113992Kb
 bounds [0x00000226e8610000, 0x00000226e8bf0000, 0x00000226efb40000]
CodeHeap 'non-nmethods': size=5760Kb used=1457Kb max_used=1497Kb free=4302Kb
 bounds [0x00000226e8070000, 0x00000226e82e0000, 0x00000226e8610000]
 total_blobs=3924 nmethods=3094 adapters=741
 compilation: enabled
              stopped_count=0, restarted_count=0
 full_count=0

Compilation events (20 events):
Event: 14.604 Thread 0x00000226fe791f70 nmethod 3088 0x00000226e8be8510 code [0x00000226e8be86c0, 0x00000226e8be89f8]
Event: 14.605 Thread 0x00000226fe791f70 3084       1       com.sun.javafx.css.SubCssMetaData::getStyleableProperty (2 bytes)
Event: 14.605 Thread 0x00000226fe791f70 nmethod 3084 0x00000226efc62290 code [0x00000226efc62420, 0x00000226efc624f8]
Event: 14.605 Thread 0x00000226fe791f70 3089       1       com.sun.prism.impl.BaseGraphics::getFinalClipNoClone (5 bytes)
Event: 14.605 Thread 0x00000226fe791f70 nmethod 3089 0x00000226efc62590 code [0x00000226efc62720, 0x00000226efc627f8]
Event: 14.605 Thread 0x00000226fe791f70 3092       1       com.sun.prism.paint.Stop::getOffset (5 bytes)
Event: 14.605 Thread 0x00000226fe791f70 nmethod 3092 0x00000226efc62890 code [0x00000226efc62a20, 0x00000226efc62af8]
Event: 14.605 Thread 0x00000226fe791f70 3093       3       com.sun.javafx.geom.Path2D::lineTo (78 bytes)
Event: 14.605 Thread 0x00000226fe791f70 nmethod 3093 0x00000226e8be8b10 code [0x00000226e8be8cc0, 0x00000226e8be8ee8]
Event: 14.605 Thread 0x00000226fe791f70 3094       3       com.sun.prism.d3d.D3DTexture::update (425 bytes)
Event: 14.608 Thread 0x00000226fe791f70 nmethod 3094 0x00000226e8be9090 code [0x00000226e8be9360, 0x00000226e8beac88]
Event: 14.608 Thread 0x00000226fe791f70 3096       3       com.sun.prism.impl.BaseContext::flushMask (97 bytes)
Event: 14.609 Thread 0x00000226fe791f70 nmethod 3096 0x00000226e8beb290 code [0x00000226e8beb480, 0x00000226e8bebaa8]
Event: 14.609 Thread 0x00000226fe791f70 3097       3       com.sun.prism.d3d.D3DContext::renderQuads (18 bytes)
Event: 14.609 Thread 0x00000226fe791f70 nmethod 3097 0x00000226e8bebc90 code [0x00000226e8bebe40, 0x00000226e8bebfb8]
Event: 14.609 Thread 0x00000226fe791f70 3095       3       com.sun.prism.impl.BaseTexture::checkUpdateParams (322 bytes)
Event: 14.610 Thread 0x00000226fe791f70 nmethod 3095 0x00000226e8bec090 code [0x00000226e8bec3e0, 0x00000226e8bed6f8]
Event: 14.632 Thread 0x00000226fe7914d0 nmethod 3090 0x00000226efc62b90 code [0x00000226efc62d40, 0x00000226efc63778]
Event: 14.632 Thread 0x00000226fe7914d0 3091       4       com.sun.javafx.geom.RectBounds::setBounds (22 bytes)
Event: 14.632 Thread 0x00000226fe7914d0 nmethod 3091 0x00000226efc64010 code [0x00000226efc64180, 0x00000226efc64218]

GC Heap History (4 events):
Event: 0.799 GC heap before
{Heap before GC invocations=0 (full 0):
 garbage-first heap   total 131072K, used 13312K [0x0000000081e00000, 0x0000000100000000)
  region size 1024K, 13 young (13312K), 0 survivors (0K)
 Metaspace       used 2729K, committed 2880K, reserved 1056768K
  class space    used 287K, committed 320K, reserved 1048576K
}
Event: 0.804 GC heap after
{Heap after GC invocations=1 (full 0):
 garbage-first heap   total 131072K, used 2045K [0x0000000081e00000, 0x0000000100000000)
  region size 1024K, 2 young (2048K), 2 survivors (2048K)
 Metaspace       used 2729K, committed 2880K, reserved 1056768K
  class space    used 287K, committed 320K, reserved 1048576K
}
Event: 1.805 GC heap before
{Heap before GC invocations=1 (full 0):
 garbage-first heap   total 131072K, used 17405K [0x0000000081e00000, 0x0000000100000000)
  region size 1024K, 18 young (18432K), 2 survivors (2048K)
 Metaspace       used 9046K, committed 9216K, reserved 1064960K
  class space    used 1057K, committed 1152K, reserved 1048576K
}
Event: 1.813 GC heap after
{Heap after GC invocations=2 (full 0):
 garbage-first heap   total 131072K, used 4895K [0x0000000081e00000, 0x0000000100000000)
  region size 1024K, 3 young (3072K), 3 survivors (3072K)
 Metaspace       used 9046K, committed 9216K, reserved 1064960K
  class space    used 1057K, committed 1152K, reserved 1048576K
}

Deoptimization events (20 events):
Event: 8.993 Thread 0x000002268069ce70 Uncommon trap: trap_request=0xffffff45 fr.pc=0x00000226efbf9cdc relative=0x000000000000005c
Event: 8.993 Thread 0x000002268069ce70 Uncommon trap: reason=unstable_if action=reinterpret pc=0x00000226efbf9cdc method=javafx.scene.Node.updateLocalToParentTransform()V @ 4 c2
Event: 8.993 Thread 0x000002268069ce70 DEOPT PACKING pc=0x00000226efbf9cdc sp=0x0000009e439fc780
Event: 8.993 Thread 0x000002268069ce70 DEOPT UNPACKING pc=0x00000226e80c23a3 sp=0x0000009e439fc6d8 mode 2
Event: 9.030 Thread 0x00000226ffd0d320 DEOPT PACKING pc=0x00000226e8ae5d03 sp=0x0000009e44aff480
Event: 9.030 Thread 0x00000226ffd0d320 DEOPT UNPACKING pc=0x00000226e80c2b43 sp=0x0000009e44afe958 mode 0
Event: 9.051 Thread 0x000002268069ce70 Uncommon trap: trap_request=0xffffffde fr.pc=0x00000226efc210b8 relative=0x00000000000003f8
Event: 9.051 Thread 0x000002268069ce70 Uncommon trap: reason=class_check action=maybe_recompile pc=0x00000226efc210b8 method=javafx.scene.control.TextInputControl$TextProperty.get()Ljava/lang/String; @ 18 c2
Event: 9.051 Thread 0x000002268069ce70 DEOPT PACKING pc=0x00000226efc210b8 sp=0x0000009e439fc5d0
Event: 9.051 Thread 0x000002268069ce70 DEOPT UNPACKING pc=0x00000226e80c23a3 sp=0x0000009e439fc550 mode 2
Event: 9.142 Thread 0x000002268069ce70 Uncommon trap: trap_request=0xffffffde fr.pc=0x00000226efc210b8 relative=0x00000000000003f8
Event: 9.142 Thread 0x000002268069ce70 Uncommon trap: reason=class_check action=maybe_recompile pc=0x00000226efc210b8 method=javafx.scene.control.TextInputControl$TextProperty.get()Ljava/lang/String; @ 18 c2
Event: 9.142 Thread 0x000002268069ce70 DEOPT PACKING pc=0x00000226efc210b8 sp=0x0000009e439fc5d0
Event: 9.142 Thread 0x000002268069ce70 DEOPT UNPACKING pc=0x00000226e80c23a3 sp=0x0000009e439fc550 mode 2
Event: 10.507 Thread 0x00000226803e49d0 DEOPT PACKING pc=0x00000226e89fa077 sp=0x0000009e437fdff0
Event: 10.507 Thread 0x00000226803e49d0 DEOPT UNPACKING pc=0x00000226e80c2b43 sp=0x0000009e437fd410 mode 0
Event: 13.195 Thread 0x00000226803e49d0 DEOPT PACKING pc=0x00000226e8b975da sp=0x0000009e437fe1c0
Event: 13.195 Thread 0x00000226803e49d0 DEOPT UNPACKING pc=0x00000226e80c2b43 sp=0x0000009e437fd5f8 mode 0
Event: 14.604 Thread 0x00000226803e49d0 DEOPT PACKING pc=0x00000226e8b9ce57 sp=0x0000009e437fe190
Event: 14.604 Thread 0x00000226803e49d0 DEOPT UNPACKING pc=0x00000226e80c2b43 sp=0x0000009e437fd5f8 mode 0

Classes unloaded (0 events):
No events

Classes redefined (0 events):
No events

Internal exceptions (20 events):
Event: 2.142 Thread 0x000002268069ce70 Exception <a 'java/lang/NoSuchMethodError'{0x0000000089317500}: 'void java.lang.invoke.DirectMethodHandle$Holder.invokeStaticInit(java.lang.Object, java.lang.Object)'> (0x0000000089317500) 
thrown [t:\workspace\open\src\hotspot\share\interpreter\linkResolver.cpp, line 766]
Event: 2.158 Thread 0x000002268069ce70 Exception <a 'java/lang/NoSuchMethodError'{0x0000000089398b80}: 'void java.lang.invoke.DirectMethodHandle$Holder.invokeSpecial(java.lang.Object, java.lang.Object, java.lang.Object, java.lang.Object, java.lang.Object)'> (0x0000000089398b80) 
thrown [t:\workspace\open\src\hotspot\share\interpreter\linkResolver.cpp, line 766]
Event: 2.346 Thread 0x000002268069ce70 Implicit null exception at 0x00000226efb838d8 to 0x00000226efb8396e
Event: 2.372 Thread 0x000002268069ce70 Implicit null exception at 0x00000226efbb518f to 0x00000226efbb55a4
Event: 2.375 Thread 0x000002268069ce70 Implicit null exception at 0x00000226efbb478a to 0x00000226efbb4b90
Event: 2.381 Thread 0x000002268069ce70 Implicit null exception at 0x00000226efb6990f to 0x00000226efb69989
Event: 2.608 Thread 0x000002268069ce70 Exception <a 'java/lang/ClassNotFoundException'{0x00000000886ac830}: com/sun/javafx/scene/control/skin/resources/controls> (0x00000000886ac830) 
thrown [t:\workspace\open\src\hotspot\share\prims\jni.cpp, line 535]
Event: 2.610 Thread 0x000002268069ce70 Exception <a 'java/lang/ClassNotFoundException'{0x00000000886ba7d0}: com/sun/javafx/scene/control/skin/resources/controls_ru> (0x00000000886ba7d0) 
thrown [t:\workspace\open\src\hotspot\share\prims\jni.cpp, line 535]
Event: 2.611 Thread 0x000002268069ce70 Exception <a 'java/lang/ClassNotFoundException'{0x00000000886bbe58}: com/sun/javafx/scene/control/skin/resources/controls_ru_RU> (0x00000000886bbe58) 
thrown [t:\workspace\open\src\hotspot\share\prims\jni.cpp, line 535]
Event: 2.685 Thread 0x000002268069ce70 Exception <a 'java/lang/NoSuchMethodError'{0x0000000088479c90}: 'void java.lang.invoke.DirectMethodHandle$Holder.invokeSpecial(java.lang.Object, java.lang.Object, java.lang.Object, java.lang.Object, java.lang.Object, java.lang.Object)'> (0x0000000088479c90) 
thrown [t:\workspace\open\src\hotspot\share\interpreter\linkResolver.cpp, line 766]
Event: 2.691 Thread 0x000002268069ce70 Exception <a 'java/lang/NoSuchMethodError'{0x000000008849ab68}: 'java.lang.Object java.lang.invoke.DirectMethodHandle$Holder.invokeInterface(java.lang.Object, java.lang.Object, java.lang.Object)'> (0x000000008849ab68) 
thrown [t:\workspace\open\src\hotspot\share\interpreter\linkResolver.cpp, line 766]
Event: 2.691 Thread 0x000002268069ce70 Exception <a 'java/lang/IncompatibleClassChangeError'{0x000000008849e230}: Found class java.lang.Object, but interface was expected> (0x000000008849e230) 
thrown [t:\workspace\open\src\hotspot\share\interpreter\linkResolver.cpp, line 833]
Event: 2.826 Thread 0x000002268069ce70 Exception <a 'java/lang/NoSuchMethodError'{0x0000000088086b68}: 'java.lang.Object java.lang.invoke.DirectMethodHandle$Holder.newInvokeSpecial(java.lang.Object, java.lang.Object, int)'> (0x0000000088086b68) 
thrown [t:\workspace\open\src\hotspot\share\interpreter\linkResolver.cpp, line 766]
Event: 2.857 Thread 0x00000226803e49d0 Exception <a 'java/lang/NoSuchMethodError'{0x0000000087f94288}: 'int java.lang.invoke.DirectMethodHandle$Holder.invokeStaticInit(java.lang.Object, java.lang.Object)'> (0x0000000087f94288) 
thrown [t:\workspace\open\src\hotspot\share\interpreter\linkResolver.cpp, line 766]
Event: 2.866 Thread 0x000002268069ce70 Exception <a 'java/lang/NoSuchMethodError'{0x00000000880eea58}: 'long java.lang.invoke.DirectMethodHandle$Holder.invokeStatic(java.lang.Object, java.lang.Object, java.lang.Object)'> (0x00000000880eea58) 
thrown [t:\workspace\open\src\hotspot\share\interpreter\linkResolver.cpp, line 766]
Event: 2.867 Thread 0x000002268069ce70 Exception <a 'java/lang/NoSuchMethodError'{0x00000000880f2200}: 'long java.lang.invoke.DirectMethodHandle$Holder.invokeStaticInit(java.lang.Object, java.lang.Object, java.lang.Object)'> (0x00000000880f2200) 
thrown [t:\workspace\open\src\hotspot\share\interpreter\linkResolver.cpp, line 766]
Event: 2.871 Thread 0x000002268069ce70 Exception <a 'java/lang/NoSuchMethodError'{0x0000000087e04690}: 'java.lang.Object java.lang.invoke.DirectMethodHandle$Holder.newInvokeSpecial(java.lang.Object, java.lang.Object, long)'> (0x0000000087e04690) 
thrown [t:\workspace\open\src\hotspot\share\interpreter\linkResolver.cpp, line 766]
Event: 2.872 Thread 0x000002268069ce70 Exception <a 'java/lang/NoSuchMethodError'{0x0000000087e08200}: 'java.lang.Object java.lang.invoke.Invokers$Holder.linkToTargetMethod(java.lang.Object, long, java.lang.Object)'> (0x0000000087e08200) 
thrown [t:\workspace\open\src\hotspot\share\interpreter\linkResolver.cpp, line 766]
Event: 8.856 Thread 0x000002268069ce70 Implicit null exception at 0x00000226efc1017c to 0x00000226efc101ec
Event: 9.164 Thread 0x000002268069ce70 Exception <a 'java/lang/NoSuchMethodError'{0x00000000872cd8d8}: 'java.lang.Object java.lang.invoke.DirectMethodHandle$Holder.newInvokeSpecial(java.lang.Object, java.lang.Object, int, int)'> (0x00000000872cd8d8) 
thrown [t:\workspace\open\src\hotspot\share\interpreter\linkResolver.cpp, line 766]

VM Operations (20 events):
Event: 4.106 Executing VM operation: ICBufferFull done
Event: 5.107 Executing VM operation: Cleanup
Event: 5.108 Executing VM operation: Cleanup done
Event: 7.108 Executing VM operation: Cleanup
Event: 7.108 Executing VM operation: Cleanup done
Event: 8.108 Executing VM operation: Cleanup
Event: 8.109 Executing VM operation: Cleanup done
Event: 9.160 Executing VM operation: ICBufferFull
Event: 9.160 Executing VM operation: ICBufferFull done
Event: 10.164 Executing VM operation: Cleanup
Event: 10.164 Executing VM operation: Cleanup done
Event: 11.165 Executing VM operation: Cleanup
Event: 11.165 Executing VM operation: Cleanup done
Event: 13.165 Executing VM operation: Cleanup
Event: 13.165 Executing VM operation: Cleanup done
Event: 14.166 Executing VM operation: Cleanup
Event: 14.166 Executing VM operation: Cleanup done
Event: 15.166 Executing VM operation: Cleanup
Event: 15.166 Executing VM operation: Cleanup done
Event: 24.219 Executing VM operation: Exit

Events (20 events):
Event: 8.920 loading class java/util/Scanner done
Event: 8.922 loading class java/util/Scanner$PatternLRUCache
Event: 8.922 loading class java/util/Scanner$PatternLRUCache done
Event: 8.955 loading class jdk/internal/reflect/BootstrapConstructorAccessorImpl
Event: 8.955 loading class jdk/internal/reflect/BootstrapConstructorAccessorImpl done
Event: 8.969 loading class java/lang/Byte$ByteCache
Event: 8.969 loading class java/lang/Byte$ByteCache done
Event: 8.969 loading class java/lang/Short$ShortCache
Event: 8.969 loading class java/lang/Short$ShortCache done
Event: 8.983 Thread 0x00000226ffd0d320 Thread added: 0x00000226ffd0d320
Event: 9.012 Thread 0x00000226ff4a4f60 Thread added: 0x00000226ff4a4f60
Event: 10.498 Thread 0x00000226ff4a4f60 Thread exited: 0x00000226ff4a4f60
Event: 24.206 loading class jdk/internal/misc/Signal$1
Event: 24.206 loading class jdk/internal/misc/Signal$1 done
Event: 24.207 Thread 0x00000226ffd0e660 Thread added: 0x00000226ffd0e660
Event: 24.208 Thread 0x00000226ffd0eb30 Thread added: 0x00000226ffd0eb30
Event: 24.208 Thread 0x00000226ffd0b640 Thread added: 0x00000226ffd0b640
Event: 24.217 Thread 0x00000226ffd0eb30 Thread exited: 0x00000226ffd0eb30
Event: 24.218 Thread 0x00000226ffd0b640 Thread exited: 0x00000226ffd0b640
Event: 24.219 Thread 0x00000226fe78a910 Thread exited: 0x00000226fe78a910


Dynamic libraries:
0x00007ff7c72e0000 - 0x00007ff7c72ee000 	C:\Users\X250\.jdks\openjdk-17\bin\java.exe
0x00007ffce1970000 - 0x00007ffce1b68000 	C:\Windows\SYSTEM32\ntdll.dll
0x00007ffce1460000 - 0x00007ffce151d000 	C:\Windows\System32\KERNEL32.DLL
0x00007ffcdf3a0000 - 0x00007ffcdf66e000 	C:\Windows\System32\KERNELBASE.dll
0x00007ffcdf770000 - 0x00007ffcdf870000 	C:\Windows\System32\ucrtbase.dll
0x00007ffcdbde0000 - 0x00007ffcdbdf8000 	C:\Users\X250\.jdks\openjdk-17\bin\jli.dll
0x00007ffcdfc50000 - 0x00007ffcdfdf0000 	C:\Windows\System32\USER32.dll
0x00007ffcdf370000 - 0x00007ffcdf392000 	C:\Windows\System32\win32u.dll
0x00007ffce0960000 - 0x00007ffce098a000 	C:\Windows\System32\GDI32.dll
0x00007ffcdf260000 - 0x00007ffcdf36b000 	C:\Windows\System32\gdi32full.dll
0x00007ffcdf120000 - 0x00007ffcdf1bd000 	C:\Windows\System32\msvcp_win.dll
0x00007ffcdbdc0000 - 0x00007ffcdbdda000 	C:\Users\X250\.jdks\openjdk-17\bin\VCRUNTIME140.dll
0x00007ffccd2d0000 - 0x00007ffccd56a000 	C:\Windows\WinSxS\amd64_microsoft.windows.common-controls_6595b64144ccf1df_6.0.19041.1110_none_60b5254171f9507e\COMCTL32.dll
0x00007ffce05a0000 - 0x00007ffce063e000 	C:\Windows\System32\msvcrt.dll
0x00007ffce1420000 - 0x00007ffce1450000 	C:\Windows\System32\IMM32.DLL
0x00007ffcdbf40000 - 0x00007ffcdbf4c000 	C:\Users\X250\.jdks\openjdk-17\bin\vcruntime140_1.dll
0x00007ffcdb7c0000 - 0x00007ffcdb84d000 	C:\Users\X250\.jdks\openjdk-17\bin\msvcp140.dll
0x00007ffc7c830000 - 0x00007ffc7d3ee000 	C:\Users\X250\.jdks\openjdk-17\bin\server\jvm.dll
0x00007ffcdfa70000 - 0x00007ffcdfb1e000 	C:\Windows\System32\ADVAPI32.dll
0x00007ffcdf9d0000 - 0x00007ffcdfa6c000 	C:\Windows\System32\sechost.dll
0x00007ffcdffa0000 - 0x00007ffce00c5000 	C:\Windows\System32\RPCRT4.dll
0x00007ffce1450000 - 0x00007ffce1458000 	C:\Windows\System32\PSAPI.DLL
0x00007ffcb5830000 - 0x00007ffcb5839000 	C:\Windows\SYSTEM32\WSOCK32.dll
0x00007ffce0b80000 - 0x00007ffce0beb000 	C:\Windows\System32\WS2_32.dll
0x00007ffcbd060000 - 0x00007ffcbd087000 	C:\Windows\SYSTEM32\WINMM.dll
0x00007ffcd22b0000 - 0x00007ffcd22ba000 	C:\Windows\SYSTEM32\VERSION.dll
0x00007ffcdd910000 - 0x00007ffcdd922000 	C:\Windows\SYSTEM32\kernel.appcore.dll
0x00007ffcdbdb0000 - 0x00007ffcdbdba000 	C:\Users\X250\.jdks\openjdk-17\bin\jimage.dll
0x00007ffccba10000 - 0x00007ffccbbf4000 	C:\Windows\SYSTEM32\DBGHELP.DLL
0x00007ffccb8f0000 - 0x00007ffccb91c000 	C:\Windows\SYSTEM32\dbgcore.DLL
0x00007ffcdf090000 - 0x00007ffcdf112000 	C:\Windows\System32\bcryptPrimitives.dll
0x00007ffcdb7b0000 - 0x00007ffcdb7be000 	C:\Users\X250\.jdks\openjdk-17\bin\instrument.dll
0x00007ffcdbd80000 - 0x00007ffcdbda5000 	C:\Users\X250\.jdks\openjdk-17\bin\java.dll
0x00007ffcaba20000 - 0x00007ffcabaf6000 	C:\Users\X250\.jdks\openjdk-17\bin\svml.dll
0x00007ffce0bf0000 - 0x00007ffce1333000 	C:\Windows\System32\SHELL32.dll
0x00007ffcdcd10000 - 0x00007ffcdd4a5000 	C:\Windows\SYSTEM32\windows.storage.dll
0x00007ffce1520000 - 0x00007ffce1874000 	C:\Windows\System32\combase.dll
0x00007ffcdeaf0000 - 0x00007ffcdeb20000 	C:\Windows\SYSTEM32\Wldp.dll
0x00007ffce0640000 - 0x00007ffce06ed000 	C:\Windows\System32\SHCORE.dll
0x00007ffce0b20000 - 0x00007ffce0b75000 	C:\Windows\System32\shlwapi.dll
0x00007ffcdefd0000 - 0x00007ffcdefef000 	C:\Windows\SYSTEM32\profapi.dll
0x00007ffcdb790000 - 0x00007ffcdb7a9000 	C:\Users\X250\.jdks\openjdk-17\bin\net.dll
0x00007ffcd00c0000 - 0x00007ffcd01ca000 	C:\Windows\SYSTEM32\WINHTTP.dll
0x00007ffcde850000 - 0x00007ffcde8ba000 	C:\Windows\system32\mswsock.dll
0x00007ffcdb770000 - 0x00007ffcdb785000 	C:\Users\X250\.jdks\openjdk-17\bin\nio.dll
0x00007ffcd4460000 - 0x00007ffcd4478000 	C:\Users\X250\.jdks\openjdk-17\bin\zip.dll
0x00007ffcce610000 - 0x00007ffcce62a000 	C:\Program Files\JetBrains\IntelliJ IDEA Community Edition 2021.2.2\bin\breakgen64.dll
0x00000226df190000 - 0x00000226df193000 	C:\Program Files (x86)\jdk\javafx-sdk-19\bin\api-ms-win-core-console-l1-1-0.dll
0x00000226fe950000 - 0x00000226fe953000 	C:\Program Files (x86)\jdk\javafx-sdk-19\bin\api-ms-win-core-console-l1-2-0.dll
0x00000226fe960000 - 0x00000226fe963000 	C:\Program Files (x86)\jdk\javafx-sdk-19\bin\api-ms-win-core-datetime-l1-1-0.dll
0x00000226fe970000 - 0x00000226fe973000 	C:\Program Files (x86)\jdk\javafx-sdk-19\bin\api-ms-win-core-debug-l1-1-0.dll
0x00000226fe980000 - 0x00000226fe983000 	C:\Program Files (x86)\jdk\javafx-sdk-19\bin\api-ms-win-core-errorhandling-l1-1-0.dll
0x00000226fe990000 - 0x00000226fe994000 	C:\Program Files (x86)\jdk\javafx-sdk-19\bin\api-ms-win-core-file-l1-1-0.dll
0x00000226fe9a0000 - 0x00000226fe9a3000 	C:\Program Files (x86)\jdk\javafx-sdk-19\bin\api-ms-win-core-file-l1-2-0.dll
0x00000226fe9b0000 - 0x00000226fe9b3000 	C:\Program Files (x86)\jdk\javafx-sdk-19\bin\api-ms-win-core-file-l2-1-0.dll
0x00000226fe9c0000 - 0x00000226fe9c3000 	C:\Program Files (x86)\jdk\javafx-sdk-19\bin\api-ms-win-core-handle-l1-1-0.dll
0x00000226fe9d0000 - 0x00000226fe9d3000 	C:\Program Files (x86)\jdk\javafx-sdk-19\bin\api-ms-win-core-heap-l1-1-0.dll
0x00000226fe9e0000 - 0x00000226fe9e3000 	C:\Program Files (x86)\jdk\javafx-sdk-19\bin\api-ms-win-core-interlocked-l1-1-0.dll
0x00000226fe9f0000 - 0x00000226fe9f3000 	C:\Program Files (x86)\jdk\javafx-sdk-19\bin\api-ms-win-core-libraryloader-l1-1-0.dll
0x00000226fea00000 - 0x00000226fea03000 	C:\Program Files (x86)\jdk\javafx-sdk-19\bin\api-ms-win-core-localization-l1-2-0.dll
0x00000226fea10000 - 0x00000226fea13000 	C:\Program Files (x86)\jdk\javafx-sdk-19\bin\api-ms-win-core-memory-l1-1-0.dll
0x00000226fea20000 - 0x00000226fea23000 	C:\Program Files (x86)\jdk\javafx-sdk-19\bin\api-ms-win-core-namedpipe-l1-1-0.dll
0x00000226fea30000 - 0x00000226fea33000 	C:\Program Files (x86)\jdk\javafx-sdk-19\bin\api-ms-win-core-processenvironment-l1-1-0.dll
0x00000226fea40000 - 0x00000226fea43000 	C:\Program Files (x86)\jdk\javafx-sdk-19\bin\api-ms-win-core-processthreads-l1-1-0.dll
0x00000226fea50000 - 0x00000226fea53000 	C:\Program Files (x86)\jdk\javafx-sdk-19\bin\api-ms-win-core-processthreads-l1-1-1.dll
0x00000226fea60000 - 0x00000226fea63000 	C:\Program Files (x86)\jdk\javafx-sdk-19\bin\api-ms-win-core-profile-l1-1-0.dll
0x00000226fea70000 - 0x00000226fea73000 	C:\Program Files (x86)\jdk\javafx-sdk-19\bin\api-ms-win-core-rtlsupport-l1-1-0.dll
0x00000226fea80000 - 0x00000226fea83000 	C:\Program Files (x86)\jdk\javafx-sdk-19\bin\api-ms-win-core-string-l1-1-0.dll
0x00000226fea90000 - 0x00000226fea93000 	C:\Program Files (x86)\jdk\javafx-sdk-19\bin\api-ms-win-core-synch-l1-1-0.dll
0x00000226feaa0000 - 0x00000226feaa3000 	C:\Program Files (x86)\jdk\javafx-sdk-19\bin\api-ms-win-core-synch-l1-2-0.dll
0x00000226feab0000 - 0x00000226feab3000 	C:\Program Files (x86)\jdk\javafx-sdk-19\bin\api-ms-win-core-sysinfo-l1-1-0.dll
0x00000226feac0000 - 0x00000226feac3000 	C:\Program Files (x86)\jdk\javafx-sdk-19\bin\api-ms-win-core-timezone-l1-1-0.dll
0x00000226fead0000 - 0x00000226fead3000 	C:\Program Files (x86)\jdk\javafx-sdk-19\bin\api-ms-win-core-util-l1-1-0.dll
0x0000022680fd0000 - 0x0000022680fd3000 	C:\Program Files (x86)\jdk\javafx-sdk-19\bin\api-ms-win-crt-conio-l1-1-0.dll
0x0000022680fe0000 - 0x0000022680fe4000 	C:\Program Files (x86)\jdk\javafx-sdk-19\bin\api-ms-win-crt-convert-l1-1-0.dll
0x0000022680ff0000 - 0x0000022680ff3000 	C:\Program Files (x86)\jdk\javafx-sdk-19\bin\api-ms-win-crt-environment-l1-1-0.dll
0x0000022681000000 - 0x0000022681003000 	C:\Program Files (x86)\jdk\javafx-sdk-19\bin\api-ms-win-crt-filesystem-l1-1-0.dll
0x0000022681010000 - 0x0000022681013000 	C:\Program Files (x86)\jdk\javafx-sdk-19\bin\api-ms-win-crt-heap-l1-1-0.dll
0x0000022681020000 - 0x0000022681023000 	C:\Program Files (x86)\jdk\javafx-sdk-19\bin\api-ms-win-crt-locale-l1-1-0.dll
0x0000022681030000 - 0x0000022681035000 	C:\Program Files (x86)\jdk\javafx-sdk-19\bin\api-ms-win-crt-math-l1-1-0.dll
0x0000022681040000 - 0x0000022681045000 	C:\Program Files (x86)\jdk\javafx-sdk-19\bin\api-ms-win-crt-multibyte-l1-1-0.dll
0x0000022681050000 - 0x0000022681060000 	C:\Program Files (x86)\jdk\javafx-sdk-19\bin\api-ms-win-crt-private-l1-1-0.dll
0x0000022681060000 - 0x0000022681063000 	C:\Program Files (x86)\jdk\javafx-sdk-19\bin\api-ms-win-crt-process-l1-1-0.dll
0x0000022681070000 - 0x0000022681074000 	C:\Program Files (x86)\jdk\javafx-sdk-19\bin\api-ms-win-crt-runtime-l1-1-0.dll
0x0000022681080000 - 0x0000022681084000 	C:\Program Files (x86)\jdk\javafx-sdk-19\bin\api-ms-win-crt-stdio-l1-1-0.dll
0x0000022681090000 - 0x0000022681094000 	C:\Program Files (x86)\jdk\javafx-sdk-19\bin\api-ms-win-crt-string-l1-1-0.dll
0x00000226810a0000 - 0x00000226810a3000 	C:\Program Files (x86)\jdk\javafx-sdk-19\bin\api-ms-win-crt-time-l1-1-0.dll
0x00000226810b0000 - 0x00000226810b3000 	C:\Program Files (x86)\jdk\javafx-sdk-19\bin\api-ms-win-crt-utility-l1-1-0.dll
0x00007ffc90fa0000 - 0x00007ffc9109c000 	C:\Program Files (x86)\jdk\javafx-sdk-19\bin\ucrtbase.dll
0x00007ffcce5f0000 - 0x00007ffcce60b000 	C:\Program Files (x86)\jdk\javafx-sdk-19\bin\vcruntime140.dll
0x00007ffcdb6f0000 - 0x00007ffcdb6fc000 	C:\Program Files (x86)\jdk\javafx-sdk-19\bin\vcruntime140_1.dll
0x00007ffc90d40000 - 0x00007ffc90dce000 	C:\Program Files (x86)\jdk\javafx-sdk-19\bin\msvcp140.dll
0x00007ffcda700000 - 0x00007ffcda709000 	C:\Program Files (x86)\jdk\javafx-sdk-19\bin\msvcp140_1.dll
0x00007ffcaa780000 - 0x00007ffcaa7b0000 	C:\Program Files (x86)\jdk\javafx-sdk-19\bin\msvcp140_2.dll
0x00007ffc9faf0000 - 0x00007ffc9fb1c000 	C:\Program Files (x86)\jdk\javafx-sdk-19\bin\prism_d3d.dll
0x00007ffcaad50000 - 0x00007ffcaaf1f000 	C:\Windows\system32\d3d9.dll
0x00007ffcdc2e0000 - 0x00007ffcdc30f000 	C:\Windows\SYSTEM32\dwmapi.dll
0x00007ffcdb020000 - 0x00007ffcdb0be000 	C:\Windows\system32\uxtheme.dll
0x00007ffc75230000 - 0x00007ffc7776d000 	C:\Windows\SYSTEM32\igdumdim64.dll
0x00007ffcdfb80000 - 0x00007ffcdfc4d000 	C:\Windows\System32\OLEAUT32.dll
0x00007ffce0990000 - 0x00007ffce0aba000 	C:\Windows\System32\ole32.dll
0x00007ffce0130000 - 0x00007ffce059f000 	C:\Windows\System32\SETUPAPI.dll
0x00007ffcdf670000 - 0x00007ffcdf6be000 	C:\Windows\System32\cfgmgr32.dll
0x00007ffcdf230000 - 0x00007ffcdf257000 	C:\Windows\System32\bcrypt.dll
0x00007ffc90b70000 - 0x00007ffc90bb2000 	C:\Program Files (x86)\jdk\javafx-sdk-19\bin\glass.dll
0x00007ffce1340000 - 0x00007ffce141a000 	C:\Windows\System32\COMDLG32.dll
0x00007ffcdfdf0000 - 0x00007ffcdff05000 	C:\Windows\System32\MSCTF.dll
0x00007ffcd02b0000 - 0x00007ffcd0cef000 	C:\Windows\SYSTEM32\igdusc64.dll
0x00007ffcd8c00000 - 0x00007ffcd8c3b000 	C:\Windows\SYSTEM32\dxcore.dll
0x00007ffcde540000 - 0x00007ffcde60a000 	C:\Windows\SYSTEM32\DNSAPI.dll
0x00007ffcde4f0000 - 0x00007ffcde52b000 	C:\Windows\SYSTEM32\IPHLPAPI.DLL
0x00007ffce0700000 - 0x00007ffce0708000 	C:\Windows\System32\NSI.dll
0x00007ffcd7270000 - 0x00007ffcd727a000 	C:\Windows\System32\rasadhlp.dll
0x00007ffccf010000 - 0x00007ffccf090000 	C:\Windows\System32\fwpuclnt.dll
0x00007ffcada30000 - 0x00007ffcada44000 	C:\Program Files (x86)\jdk\javafx-sdk-19\bin\javafx_font.dll
0x00007ffcd2b70000 - 0x00007ffcd2def000 	C:\Windows\SYSTEM32\dwrite.dll
0x00007ffce1880000 - 0x00007ffce1929000 	C:\Windows\System32\clbcatq.dll
0x00007ffcd7490000 - 0x00007ffcd7644000 	C:\Windows\SYSTEM32\WindowsCodecs.dll
0x00007ffccc070000 - 0x00007ffccc0ae000 	C:\Windows\system32\dataexchange.dll
0x00007ffcda710000 - 0x00007ffcda973000 	C:\Windows\system32\d3d11.dll
0x00007ffcda980000 - 0x00007ffcdab64000 	C:\Windows\system32\dcomp.dll
0x00007ffcdd980000 - 0x00007ffcdda73000 	C:\Windows\system32\dxgi.dll
0x00007ffcd7060000 - 0x00007ffcd7260000 	C:\Windows\system32\twinapi.appcore.dll
0x00007ffcab830000 - 0x00007ffcab864000 	C:\Program Files\Common Files\Microsoft Shared\Ink\rtscom.dll
0x00007ffcd8ef0000 - 0x00007ffcd8fe9000 	C:\Windows\SYSTEM32\textinputframework.dll
0x00007ffcdb870000 - 0x00007ffcdbbce000 	C:\Windows\System32\CoreUIComponents.dll
0x00007ffcdbbd0000 - 0x00007ffcdbcc2000 	C:\Windows\System32\CoreMessaging.dll
0x00007ffcddd90000 - 0x00007ffcdddc3000 	C:\Windows\SYSTEM32\ntmarta.dll

dbghelp: loaded successfully - version: 4.0.5 - missing functions: none
symbol engine: initialized successfully - sym options: 0x614 - pdb path: .;C:\Users\X250\.jdks\openjdk-17\bin;C:\Windows\SYSTEM32;C:\Windows\WinSxS\amd64_microsoft.windows.common-controls_6595b64144ccf1df_6.0.19041.1110_none_60b5254171f9507e;C:\Users\X250\.jdks\openjdk-17\bin\server;C:\Program Files\JetBrains\IntelliJ IDEA Community Edition 2021.2.2\bin;C:\Program Files (x86)\jdk\javafx-sdk-19\bin;C:\Program Files\Common Files\Microsoft Shared\Ink

VM Arguments:
jvm_args: --module-path=C:\Program Files (x86)\jdk\javafx-sdk-19\lib --add-modules=javafx.controls,javafx.fxml -javaagent:C:\Program Files\JetBrains\IntelliJ IDEA Community Edition 2021.2.2\lib\idea_rt.jar=54659:C:\Program Files\JetBrains\IntelliJ IDEA Community Edition 2021.2.2\bin -Dfile.encoding=UTF-8 
java_command: com.company.Main
java_class_path (initial): C:\java\MyProgect\out\production\MyProgect;C:\java\MyProgect\SqlDriver\mysql-connector-java-8.0.27.jar;C:\Program Files (x86)\jdk\javafx-sdk-19\lib\javafx-swt.jar;C:\Program Files (x86)\jdk\javafx-sdk-19\lib\javafx.web.jar;C:\Program Files (x86)\jdk\javafx-sdk-19\lib\javafx.base.jar;C:\Program Files (x86)\jdk\javafx-sdk-19\lib\javafx.fxml.jar;C:\Program Files (x86)\jdk\javafx-sdk-19\lib\javafx.media.jar;C:\Program Files (x86)\jdk\javafx-sdk-19\lib\javafx.swing.jar;C:\Program Files (x86)\jdk\javafx-sdk-19\lib\javafx.controls.jar;C:\Program Files (x86)\jdk\javafx-sdk-19\lib\javafx.graphics.jar
Launcher Type: SUN_STANDARD

[Global flags]
     intx CICompilerCount                          = 3                                         {product} {ergonomic}
     uint ConcGCThreads                            = 1                                         {product} {ergonomic}
     uint G1ConcRefinementThreads                  = 4                                         {product} {ergonomic}
   size_t G1HeapRegionSize                         = 1048576                                   {product} {ergonomic}
    uintx GCDrainStackTargetSize                   = 64                                        {product} {ergonomic}
   size_t InitialHeapSize                          = 134217728                                 {product} {ergonomic}
   size_t MarkStackSize                            = 4194304                                   {product} {ergonomic}
   size_t MaxHeapSize                              = 2116026368                                {product} {ergonomic}
   size_t MaxNewSize                               = 1268776960                                {product} {ergonomic}
   size_t MinHeapDeltaBytes                        = 1048576                                   {product} {ergonomic}
   size_t MinHeapSize                              = 8388608                                   {product} {ergonomic}
    uintx NonNMethodCodeHeapSize                   = 5832780                                {pd product} {ergonomic}
    uintx NonProfiledCodeHeapSize                  = 122912730                              {pd product} {ergonomic}
    uintx ProfiledCodeHeapSize                     = 122912730                              {pd product} {ergonomic}
    uintx ReservedCodeCacheSize                    = 251658240                              {pd product} {ergonomic}
     bool SegmentedCodeCache                       = true                                      {product} {ergonomic}
   size_t SoftMaxHeapSize                          = 2116026368                             {manageable} {ergonomic}
     bool UseCompressedClassPointers               = true                           {product lp64_product} {ergonomic}
     bool UseCompressedOops                        = true                           {product lp64_product} {ergonomic}
     bool UseG1GC                                  = true                                      {product} {ergonomic}
     bool UseLargePagesIndividualAllocation        = false                                  {pd product} {ergonomic}

Logging:
Log output configuration:
 #0: stdout all=off uptime,level,tags
 #1: stderr all=off uptime,level,tags

Environment Variables:
PATH=C:\Program Files\Common Files\Oracle\Java\javapath;C:\Program Files (x86)\Common Files\Oracle\Java\javapath;C:\Windows\system32;C:\Windows;C:\Windows\System32\Wbem;C:\Windows\System32\WindowsPowerShell\v1.0\;C:\Windows\System32\OpenSSH\;C:\Program Files\dotnet\;C:\Program Files\Microsoft SQL Server\130\Tools\Binn\;C:\Program Files\Microsoft SQL Server\Client SDK\ODBC\170\Tools\Binn\;C:\Program Files (x86)\Microsoft SQL Server\150\DTS\Binn\;C:\Program Files\Azure Data Studio\bin;C:\Program Files (x86)\Microsoft SQL Server\150\Tools\Binn\;C:\Program Files\Microsoft SQL Server\150\Tools\Binn\;C:\Program Files\Microsoft SQL Server\150\DTS\Binn\;C:\Users\X250\AppData\Local\Microsoft\WindowsApps;;C:\Users\X250\AppData\Local\Programs\Microsoft VS Code\bin;C:\Program Files\JetBrains\IntelliJ IDEA Community Edition 2021.2.2\bin;;C:\Users\X250\.dotnet\tools;C:\Program Files\Azure Data Studio\bin
USERNAME=X250
OS=Windows_NT
PROCESSOR_IDENTIFIER=Intel64 Family 6 Model 61 Stepping 4, GenuineIntel



---------------  S Y S T E M  ---------------

OS:
 Windows 10 , 64 bit Build 19041 (10.0.19041.1889)
OS uptime: 5 days 8:22 hours

CPU: total 4 (initial active 4) (2 cores per cpu, 2 threads per core) family 6 model 61 stepping 4 microcode 0x2f, cx8, cmov, fxsr, ht, mmx, 3dnowpref, sse, sse2, sse3, ssse3, sse4.1, sse4.2, popcnt, lzcnt, tsc, tscinvbit, avx, avx2, aes, erms, clmul, bmi1, bmi2, rtm, adx, fma, vzeroupper, clflush

Memory: 4k page, system-wide physical 8071M (2989M free)
TotalPageFile size 13703M (AvailPageFile size 5557M)
current process WorkingSet (physical memory assigned to process): 166M, peak: 186M
current process commit charge ("private bytes"): 287M, peak: 309M

vm_info: OpenJDK 64-Bit Server VM (17+35-2724) for windows-amd64 JRE (17+35-2724), built on Aug  5 2021 23:26:02 by "mach5one" with MS VC++ 16.8 (VS2019)

END.
